2025-08-07 11:58:06 - monitoring.parking_monitor - ERROR - _process_parking_spots:228 - Error processing spot A1: ParkingEvent.__init__() got an unexpected keyword argument 'event_id'
2025-08-07 11:58:06 - monitoring.parking_monitor - ERROR - _process_parking_spots:228 - Error processing spot A2: ParkingEvent.__init__() got an unexpected keyword argument 'event_id'
2025-08-07 11:58:06 - monitoring.parking_monitor - ERROR - _process_parking_spots:228 - Error processing spot A3: ParkingEvent.__init__() got an unexpected keyword argument 'event_id'
2025-08-07 11:58:06 - monitoring.parking_monitor - ERROR - _process_parking_spots:228 - Error processing spot A4: ParkingEvent.__init__() got an unexpected keyword argument 'event_id'
2025-08-07 11:58:06 - monitoring.parking_monitor - ERROR - _process_parking_spots:228 - Error processing spot A5: ParkingEvent.__init__() got an unexpected keyword argument 'event_id'
2025-08-07 11:58:06 - monitoring.parking_monitor - ERROR - _process_parking_spots:228 - Error processing spot A6: ParkingEvent.__init__() got an unexpected keyword argument 'event_id'
2025-08-07 12:18:39 - detection.model_loader - ERROR - download_model:82 - ❌ Failed to download vehicle model: [WinError 3] The system cannot find the path specified: ''
2025-08-07 12:18:39 - detection.model_loader - ERROR - load_vehicle_model:121 - ❌ Failed to load vehicle model: [MODEL_LOAD_ERROR] Failed to load model 'vehicle' from 'yolov8n.pt': File not found and download failed - Details: {'model_name': 'vehicle', 'model_path': 'yolov8n.pt', 'reason': 'File not found and download failed'}
2025-08-07 12:18:39 - detection.model_loader - ERROR - load_all_models:245 - ❌ Failed to load models: [MODEL_LOAD_ERROR] Failed to load model 'vehicle' from 'yolov8n.pt': [MODEL_LOAD_ERROR] Failed to load model 'vehicle' from 'yolov8n.pt': File not found and download failed - Details: {'model_name': 'vehicle', 'model_path': 'yolov8n.pt', 'reason': 'File not found and download failed'} - Details: {'model_name': 'vehicle', 'model_path': 'yolov8n.pt', 'reason': "[MODEL_LOAD_ERROR] Failed to load model 'vehicle' from 'yolov8n.pt': File not found and download failed - Details: {'model_name': 'vehicle', 'model_path': 'yolov8n.pt', 'reason': 'File not found and download failed'}"}
2025-08-07 12:18:39 - root - ERROR - main:76 - ❌ Initialization failed: [MODEL_LOAD_ERROR] Failed to load model 'vehicle' from 'yolov8n.pt': [MODEL_LOAD_ERROR] Failed to load model 'vehicle' from 'yolov8n.pt': File not found and download failed - Details: {'model_name': 'vehicle', 'model_path': 'yolov8n.pt', 'reason': 'File not found and download failed'} - Details: {'model_name': 'vehicle', 'model_path': 'yolov8n.pt', 'reason': "[MODEL_LOAD_ERROR] Failed to load model 'vehicle' from 'yolov8n.pt': File not found and download failed - Details: {'model_name': 'vehicle', 'model_path': 'yolov8n.pt', 'reason': 'File not found and download failed'}"}
2025-08-07 12:19:21 - detection.model_loader - ERROR - download_model:82 - ❌ Failed to download vehicle model: [WinError 3] The system cannot find the path specified: ''
2025-08-07 12:19:21 - detection.model_loader - ERROR - load_vehicle_model:121 - ❌ Failed to load vehicle model: [MODEL_LOAD_ERROR] Failed to load model 'vehicle' from 'yolov8n.pt': File not found and download failed - Details: {'model_name': 'vehicle', 'model_path': 'yolov8n.pt', 'reason': 'File not found and download failed'}
2025-08-07 12:19:21 - detection.model_loader - ERROR - load_all_models:245 - ❌ Failed to load models: [MODEL_LOAD_ERROR] Failed to load model 'vehicle' from 'yolov8n.pt': [MODEL_LOAD_ERROR] Failed to load model 'vehicle' from 'yolov8n.pt': File not found and download failed - Details: {'model_name': 'vehicle', 'model_path': 'yolov8n.pt', 'reason': 'File not found and download failed'} - Details: {'model_name': 'vehicle', 'model_path': 'yolov8n.pt', 'reason': "[MODEL_LOAD_ERROR] Failed to load model 'vehicle' from 'yolov8n.pt': File not found and download failed - Details: {'model_name': 'vehicle', 'model_path': 'yolov8n.pt', 'reason': 'File not found and download failed'}"}
2025-08-07 12:19:21 - root - ERROR - main:76 - ❌ Initialization failed: [MODEL_LOAD_ERROR] Failed to load model 'vehicle' from 'yolov8n.pt': [MODEL_LOAD_ERROR] Failed to load model 'vehicle' from 'yolov8n.pt': File not found and download failed - Details: {'model_name': 'vehicle', 'model_path': 'yolov8n.pt', 'reason': 'File not found and download failed'} - Details: {'model_name': 'vehicle', 'model_path': 'yolov8n.pt', 'reason': "[MODEL_LOAD_ERROR] Failed to load model 'vehicle' from 'yolov8n.pt': File not found and download failed - Details: {'model_name': 'vehicle', 'model_path': 'yolov8n.pt', 'reason': 'File not found and download failed'}"}
2025-08-07 12:39:43 - monitoring.parking_monitor - ERROR - _process_parking_spots:228 - Error processing spot A1: ParkingEvent.__init__() got an unexpected keyword argument 'event_id'
2025-08-07 12:39:43 - monitoring.parking_monitor - ERROR - _process_parking_spots:228 - Error processing spot A2: ParkingEvent.__init__() got an unexpected keyword argument 'event_id'
2025-08-07 12:39:43 - monitoring.parking_monitor - ERROR - _process_parking_spots:228 - Error processing spot A3: ParkingEvent.__init__() got an unexpected keyword argument 'event_id'
2025-08-07 12:39:43 - monitoring.parking_monitor - ERROR - _process_parking_spots:228 - Error processing spot A4: ParkingEvent.__init__() got an unexpected keyword argument 'event_id'
2025-08-07 12:39:43 - monitoring.parking_monitor - ERROR - _process_parking_spots:228 - Error processing spot A5: ParkingEvent.__init__() got an unexpected keyword argument 'event_id'
2025-08-07 12:39:43 - monitoring.parking_monitor - ERROR - _process_parking_spots:228 - Error processing spot A6: ParkingEvent.__init__() got an unexpected keyword argument 'event_id'
2025-08-07 12:39:48 - monitoring.parking_monitor - ERROR - _process_parking_spots:228 - Error processing spot A1: ParkingEvent.__init__() got an unexpected keyword argument 'event_id'
2025-08-07 12:39:48 - monitoring.parking_monitor - ERROR - _process_parking_spots:228 - Error processing spot A2: ParkingEvent.__init__() got an unexpected keyword argument 'event_id'
2025-08-07 12:39:59 - monitoring.parking_monitor - ERROR - _process_parking_spots:228 - Error processing spot A1: ParkingEvent.__init__() got an unexpected keyword argument 'event_id'
2025-08-07 12:39:59 - monitoring.parking_monitor - ERROR - _process_parking_spots:228 - Error processing spot A2: ParkingEvent.__init__() got an unexpected keyword argument 'event_id'
2025-08-07 12:40:05 - monitoring.parking_monitor - ERROR - _process_parking_spots:228 - Error processing spot A4: ParkingEvent.__init__() got an unexpected keyword argument 'event_id'
2025-08-07 12:40:05 - monitoring.parking_monitor - ERROR - _process_parking_spots:228 - Error processing spot A5: ParkingEvent.__init__() got an unexpected keyword argument 'event_id'
2025-08-07 12:40:16 - monitoring.parking_monitor - ERROR - _process_parking_spots:228 - Error processing spot A4: ParkingEvent.__init__() got an unexpected keyword argument 'event_id'
2025-08-07 12:40:16 - monitoring.parking_monitor - ERROR - _process_parking_spots:228 - Error processing spot A5: ParkingEvent.__init__() got an unexpected keyword argument 'event_id'
2025-08-07 12:40:21 - monitoring.parking_monitor - ERROR - _process_parking_spots:228 - Error processing spot A5: ParkingEvent.__init__() got an unexpected keyword argument 'event_id'
2025-08-07 12:40:21 - monitoring.parking_monitor - ERROR - _process_parking_spots:228 - Error processing spot A6: ParkingEvent.__init__() got an unexpected keyword argument 'event_id'
2025-08-07 12:40:31 - monitoring.parking_monitor - ERROR - _process_parking_spots:228 - Error processing spot A5: ParkingEvent.__init__() got an unexpected keyword argument 'event_id'
2025-08-07 12:40:31 - monitoring.parking_monitor - ERROR - _process_parking_spots:228 - Error processing spot A6: ParkingEvent.__init__() got an unexpected keyword argument 'event_id'
2025-08-07 12:40:35 - monitoring.parking_monitor - ERROR - _process_parking_spots:228 - Error processing spot A3: ParkingEvent.__init__() got an unexpected keyword argument 'event_id'
2025-08-07 12:40:45 - monitoring.parking_monitor - ERROR - _process_parking_spots:228 - Error processing spot A3: ParkingEvent.__init__() got an unexpected keyword argument 'event_id'
2025-08-07 12:53:52 - monitoring.parking_monitor - ERROR - _process_parking_spots:228 - Error processing spot A1: ParkingEvent.__init__() got an unexpected keyword argument 'event_id'
2025-08-07 12:53:52 - monitoring.parking_monitor - ERROR - _process_parking_spots:228 - Error processing spot A2: ParkingEvent.__init__() got an unexpected keyword argument 'event_id'
2025-08-07 12:53:52 - monitoring.parking_monitor - ERROR - _process_parking_spots:228 - Error processing spot A3: ParkingEvent.__init__() got an unexpected keyword argument 'event_id'
2025-08-07 12:53:52 - monitoring.parking_monitor - ERROR - _process_parking_spots:228 - Error processing spot A4: ParkingEvent.__init__() got an unexpected keyword argument 'event_id'
2025-08-07 12:53:52 - monitoring.parking_monitor - ERROR - _process_parking_spots:228 - Error processing spot A5: ParkingEvent.__init__() got an unexpected keyword argument 'event_id'
2025-08-07 12:53:52 - monitoring.parking_monitor - ERROR - _process_parking_spots:228 - Error processing spot A6: ParkingEvent.__init__() got an unexpected keyword argument 'event_id'
2025-08-07 12:54:01 - monitoring.parking_monitor - ERROR - _process_parking_spots:228 - Error processing spot A1: ParkingEvent.__init__() got an unexpected keyword argument 'event_id'
2025-08-07 12:54:01 - monitoring.parking_monitor - ERROR - _process_parking_spots:228 - Error processing spot A2: ParkingEvent.__init__() got an unexpected keyword argument 'event_id'
2025-08-07 12:54:21 - monitoring.parking_monitor - ERROR - _process_parking_spots:228 - Error processing spot A1: ParkingEvent.__init__() got an unexpected keyword argument 'event_id'
2025-08-07 12:54:21 - monitoring.parking_monitor - ERROR - _process_parking_spots:228 - Error processing spot A2: ParkingEvent.__init__() got an unexpected keyword argument 'event_id'
2025-08-07 12:54:30 - monitoring.parking_monitor - ERROR - _process_parking_spots:228 - Error processing spot A4: ParkingEvent.__init__() got an unexpected keyword argument 'event_id'
2025-08-07 12:54:30 - monitoring.parking_monitor - ERROR - _process_parking_spots:228 - Error processing spot A5: ParkingEvent.__init__() got an unexpected keyword argument 'event_id'
2025-08-07 12:54:50 - monitoring.parking_monitor - ERROR - _process_parking_spots:228 - Error processing spot A4: ParkingEvent.__init__() got an unexpected keyword argument 'event_id'
2025-08-07 12:54:50 - monitoring.parking_monitor - ERROR - _process_parking_spots:228 - Error processing spot A5: ParkingEvent.__init__() got an unexpected keyword argument 'event_id'
2025-08-07 12:54:59 - monitoring.parking_monitor - ERROR - _process_parking_spots:228 - Error processing spot A5: ParkingEvent.__init__() got an unexpected keyword argument 'event_id'
2025-08-07 12:54:59 - monitoring.parking_monitor - ERROR - _process_parking_spots:228 - Error processing spot A6: ParkingEvent.__init__() got an unexpected keyword argument 'event_id'
2025-08-07 12:55:18 - monitoring.parking_monitor - ERROR - _process_parking_spots:228 - Error processing spot A5: ParkingEvent.__init__() got an unexpected keyword argument 'event_id'
2025-08-07 12:55:18 - monitoring.parking_monitor - ERROR - _process_parking_spots:228 - Error processing spot A6: ParkingEvent.__init__() got an unexpected keyword argument 'event_id'
2025-08-07 12:55:26 - monitoring.parking_monitor - ERROR - _process_parking_spots:228 - Error processing spot A3: ParkingEvent.__init__() got an unexpected keyword argument 'event_id'
2025-08-07 12:55:44 - monitoring.parking_monitor - ERROR - _process_parking_spots:228 - Error processing spot A3: ParkingEvent.__init__() got an unexpected keyword argument 'event_id'
